2026-07-13T10:06:47.602962Z  INFO herdr::logging: herdr starting event="app.startup" subsystem="client" outcome="started" pid=108227
2026-07-13T10:06:47.602983Z  INFO herdr::client: connecting to server path=/home/alejndro/.config/herdr/herdr-client.sock
2026-07-13T10:06:47.817120Z  INFO herdr::client: handshake succeeded version=16 encoding=SemanticFrame
2026-07-13T10:09:25.051600Z  INFO herdr::logging: herdr starting event="app.startup" subsystem="client" outcome="started" pid=133299
2026-07-13T10:09:25.051627Z  INFO herdr::client: connecting to server path=/home/alejndro/.config/herdr/herdr-client.sock
2026-07-13T10:09:25.195297Z  INFO herdr::client: handshake succeeded version=16 encoding=SemanticFrame
2026-07-13T10:09:47.884931Z  INFO herdr::logging: herdr starting event="app.startup" subsystem="client" outcome="started" pid=133979
2026-07-13T10:09:47.884954Z  INFO herdr::client: connecting to server path=/home/alejndro/.config/herdr/herdr-client.sock
2026-07-13T10:09:47.925494Z  INFO herdr::client: handshake succeeded version=16 encoding=SemanticFrame
2026-07-13T10:11:38.565571Z  INFO herdr::logging: herdr starting event="app.startup" subsystem="client" outcome="started" pid=136396
2026-07-13T10:11:38.565601Z  INFO herdr::client: connecting to server path=/home/alejndro/.config/herdr/herdr-client.sock
2026-07-13T10:11:38.775852Z  INFO herdr::client: handshake succeeded version=16 encoding=SemanticFrame
2026-07-13T10:11:47.235218Z  INFO herdr::logging: herdr starting event="app.startup" subsystem="client" outcome="started" pid=136557
2026-07-13T10:11:47.235240Z  INFO herdr::client: connecting to server path=/home/alejndro/.config/herdr/herdr-client.sock
2026-07-13T10:11:47.263603Z  INFO herdr::client: handshake succeeded version=16 encoding=SemanticFrame
2026-07-13T10:12:32.881117Z  INFO herdr::logging: herdr starting event="app.startup" subsystem="client" outcome="started" pid=137502
2026-07-13T10:12:32.881145Z  INFO herdr::client: connecting to server path=/home/alejndro/.config/herdr/herdr-client.sock
2026-07-13T10:12:33.049698Z  INFO herdr::client: handshake succeeded version=16 encoding=SemanticFrame
2026-07-13T10:13:43.190423Z  INFO herdr::logging: herdr starting event="app.startup" subsystem="client" outcome="started" pid=138514
2026-07-13T10:13:43.190450Z  INFO herdr::client: connecting to server path=/home/alejndro/.config/herdr/herdr-client.sock
2026-07-13T10:13:43.349631Z  INFO herdr::client: handshake succeeded version=16 encoding=SemanticFrame
2026-07-13T10:14:47.709800Z  INFO herdr::logging: herdr starting event="app.startup" subsystem="client" outcome="started" pid=139107
2026-07-13T10:14:47.709829Z  INFO herdr::client: connecting to server path=/home/alejndro/.config/herdr/herdr-client.sock
2026-07-13T10:14:47.935887Z  INFO herdr::client: handshake succeeded version=16 encoding=SemanticFrame
2026-07-13T10:18:07.424300Z  INFO herdr::logging: herdr starting event="app.startup" subsystem="client" outcome="started" pid=140659
2026-07-13T10:18:07.424325Z  INFO herdr::client: connecting to server path=/home/alejndro/.config/herdr/herdr-client.sock
2026-07-13T10:18:07.450733Z  INFO herdr::client: handshake succeeded version=16 encoding=SemanticFrame
2026-07-13T10:26:08.559064Z  INFO herdr::logging: herdr starting event="app.startup" subsystem="client" outcome="started" pid=147339
2026-07-13T10:26:08.559089Z  INFO herdr::client: connecting to server path=/home/alejndro/.config/herdr/herdr-client.sock
2026-07-13T10:26:08.655808Z  INFO herdr::client: handshake succeeded version=16 encoding=SemanticFrame
2026-07-13T10:37:51.629023Z  INFO herdr::logging: herdr starting event="app.startup" subsystem="client" outcome="started" pid=154628
2026-07-13T10:37:51.629047Z  INFO herdr::client: connecting to server path=/home/alejndro/.config/herdr/herdr-client.sock
2026-07-13T10:37:51.665735Z  INFO herdr::client: handshake succeeded version=16 encoding=SemanticFrame
2026-07-13T10:38:00.027537Z  INFO herdr::logging: herdr starting event="app.startup" subsystem="client" outcome="started" pid=155028
2026-07-13T10:38:00.027559Z  INFO herdr::client: connecting to server path=/home/alejndro/.config/herdr/herdr-client.sock
2026-07-13T10:38:00.267936Z  INFO herdr::client: handshake succeeded version=16 encoding=SemanticFrame
2026-07-13T10:41:13.246694Z  INFO herdr::logging: herdr starting event="app.startup" subsystem="client" outcome="started" pid=158799
2026-07-13T10:41:13.246719Z  INFO herdr::client: connecting to server path=/home/alejndro/.config/herdr/herdr-client.sock
2026-07-13T10:41:13.308740Z  INFO herdr::client: handshake succeeded version=16 encoding=SemanticFrame
2026-07-13T10:43:12.951717Z  INFO herdr::logging: herdr starting event="app.startup" subsystem="client" outcome="started" pid=1855
2026-07-13T10:43:12.952308Z  INFO herdr::client: connecting to server path=/home/alejndro/.config/herdr/herdr-client.sock
2026-07-13T10:43:12.961797Z  INFO herdr::client: handshake succeeded version=16 encoding=SemanticFrame
2026-07-13T11:05:05.343197Z  INFO herdr::logging: herdr starting event="app.startup" subsystem="client" outcome="started" pid=16262
2026-07-13T11:05:05.343537Z  INFO herdr::client: connecting to server path=/home/alejndro/.config/herdr/herdr-client.sock
2026-07-13T11:05:05.526278Z  INFO herdr::client: handshake succeeded version=16 encoding=SemanticFrame
2026-07-13T11:11:34.989778Z  INFO herdr::logging: herdr starting event="app.startup" subsystem="client" outcome="started" pid=22988
2026-07-13T11:11:34.989803Z  INFO herdr::client: connecting to server path=/home/alejndro/.config/herdr/herdr-client.sock
2026-07-13T11:11:35.045031Z  INFO herdr::client: handshake succeeded version=16 encoding=SemanticFrame
2026-07-13T12:04:17.596415Z  INFO herdr::logging: herdr starting event="app.startup" subsystem="client" outcome="started" pid=91268
2026-07-13T12:04:17.596442Z  INFO herdr::client: connecting to server path=/home/alejndro/.config/herdr/herdr-client.sock
2026-07-13T12:04:17.831102Z  INFO herdr::client: handshake succeeded version=16 encoding=SemanticFrame
2026-07-13T12:04:31.033079Z  INFO herdr::logging: herdr starting event="app.startup" subsystem="client" outcome="started" pid=91572
2026-07-13T12:04:31.033106Z  INFO herdr::client: connecting to server path=/home/alejndro/.config/herdr/herdr-client.sock
2026-07-13T12:04:31.281078Z  INFO herdr::client: handshake succeeded version=16 encoding=SemanticFrame
2026-07-13T12:18:21.735914Z  INFO herdr::logging: herdr starting event="app.startup" subsystem="client" outcome="started" pid=2240
2026-07-13T12:18:21.736083Z  INFO herdr::client: connecting to server path=/home/alejndro/.config/herdr/herdr-client.sock
2026-07-13T12:18:21.954934Z  INFO herdr::client: handshake succeeded version=16 encoding=SemanticFrame
2026-07-13T12:18:45.677931Z  INFO herdr::logging: herdr starting event="app.startup" subsystem="client" outcome="started" pid=4209
2026-07-13T12:18:45.677943Z  INFO herdr::client: connecting to server path=/home/alejndro/dev/.container/.config/herdr/herdr-client.sock
2026-07-13T12:18:45.886420Z  INFO herdr::client: handshake succeeded version=16 encoding=SemanticFrame
2026-07-13T12:18:54.732426Z  INFO herdr::logging: herdr starting event="app.startup" subsystem="client" outcome="started" pid=4436
2026-07-13T12:18:54.732439Z  INFO herdr::client: connecting to server path=/home/alejndro/dev/.container/.config/herdr/herdr-client.sock
2026-07-13T12:18:54.896445Z  INFO herdr::client: handshake succeeded version=16 encoding=SemanticFrame
2026-07-13T12:22:47.679944Z  INFO herdr::logging: herdr starting event="app.startup" subsystem="client" outcome="started" pid=7905
2026-07-13T12:22:47.679972Z  INFO herdr::client: connecting to server path=/home/alejndro/.config/herdr/herdr-client.sock
2026-07-13T12:22:47.680344Z  INFO herdr::client: handshake succeeded version=16 encoding=SemanticFrame
2026-07-13T12:22:53.137337Z  INFO herdr::logging: herdr starting event="app.startup" subsystem="client" outcome="started" pid=8007
2026-07-13T12:22:53.137362Z  INFO herdr::client: connecting to server path=/home/alejndro/.config/herdr/herdr-client.sock
2026-07-13T12:22:53.164673Z  INFO herdr::client: handshake succeeded version=16 encoding=SemanticFrame
2026-07-13T12:23:25.581589Z  WARN herdr::sound: sound playback failed sound=Done err=no mp3-capable audio player available: paplay failed: No such file or directory (os error 2); pw-play failed: No such file or directory (os error 2); ffplay failed: No such file or directory (os error 2); mpg123 failed: No such file or directory (os error 2); mpv failed: No such file or directory (os error 2)
2026-07-13T12:24:06.680291Z  WARN herdr::sound: sound playback failed sound=Request err=no mp3-capable audio player available: paplay failed: No such file or directory (os error 2); pw-play failed: No such file or directory (os error 2); ffplay failed: No such file or directory (os error 2); mpg123 failed: No such file or directory (os error 2); mpv failed: No such file or directory (os error 2)
2026-07-13T12:24:11.526217Z  WARN herdr::sound: sound playback failed sound=Request err=no mp3-capable audio player available: paplay failed: No such file or directory (os error 2); pw-play failed: No such file or directory (os error 2); ffplay failed: No such file or directory (os error 2); mpg123 failed: No such file or directory (os error 2); mpv failed: No such file or directory (os error 2)
2026-07-13T12:24:48.570394Z  WARN herdr::sound: sound playback failed sound=Done err=no mp3-capable audio player available: paplay failed: No such file or directory (os error 2); pw-play failed: No such file or directory (os error 2); ffplay failed: No such file or directory (os error 2); mpg123 failed: No such file or directory (os error 2); mpv failed: No such file or directory (os error 2)
2026-07-13T12:25:14.269426Z  WARN herdr::sound: sound playback failed sound=Done err=no mp3-capable audio player available: paplay failed: No such file or directory (os error 2); pw-play failed: No such file or directory (os error 2); ffplay failed: No such file or directory (os error 2); mpg123 failed: No such file or directory (os error 2); mpv failed: No such file or directory (os error 2)
2026-07-13T12:25:55.972184Z  WARN herdr::sound: sound playback failed sound=Done err=no mp3-capable audio player available: paplay failed: No such file or directory (os error 2); pw-play failed: No such file or directory (os error 2); ffplay failed: No such file or directory (os error 2); mpg123 failed: No such file or directory (os error 2); mpv failed: No such file or directory (os error 2)
2026-07-13T12:28:25.397728Z  WARN herdr::sound: sound playback failed sound=Request err=no mp3-capable audio player available: paplay failed: No such file or directory (os error 2); pw-play failed: No such file or directory (os error 2); ffplay failed: No such file or directory (os error 2); mpg123 failed: No such file or directory (os error 2); mpv failed: No such file or directory (os error 2)
2026-07-13T12:34:11.531443Z  WARN herdr::sound: sound playback failed sound=Request err=no mp3-capable audio player available: paplay failed: No such file or directory (os error 2); pw-play failed: No such file or directory (os error 2); ffplay failed: No such file or directory (os error 2); mpg123 failed: No such file or directory (os error 2); mpv failed: No such file or directory (os error 2)
2026-07-13T13:07:18.724770Z  INFO herdr::logging: herdr starting event="app.startup" subsystem="client" outcome="started" pid=20386
2026-07-13T13:07:18.724799Z  INFO herdr::client: connecting to server path=/home/alejndro/.config/herdr/herdr-client.sock
2026-07-13T13:07:18.808114Z  INFO herdr::client: handshake succeeded version=16 encoding=SemanticFrame
2026-07-13T13:07:39.065688Z  INFO herdr::logging: herdr starting event="app.startup" subsystem="client" outcome="started" pid=21409
2026-07-13T13:07:39.065717Z  INFO herdr::client: connecting to server path=/home/alejndro/.config/herdr/herdr-client.sock
2026-07-13T13:07:39.152410Z  INFO herdr::client: handshake succeeded version=16 encoding=SemanticFrame
2026-07-13T13:08:05.063957Z  INFO herdr::logging: herdr starting event="app.startup" subsystem="client" outcome="started" pid=22438
2026-07-13T13:08:05.063984Z  INFO herdr::client: connecting to server path=/home/alejndro/.config/herdr/herdr-client.sock
2026-07-13T13:08:05.064106Z  INFO herdr::client: handshake succeeded version=16 encoding=SemanticFrame
2026-07-13T13:09:45.721604Z  INFO herdr::logging: herdr starting event="app.startup" subsystem="client" outcome="started" pid=28313
2026-07-13T13:09:45.721633Z  INFO herdr::client: connecting to server path=/home/alejndro/.config/herdr/herdr-client.sock
2026-07-13T13:09:45.822218Z  INFO herdr::client: handshake succeeded version=16 encoding=SemanticFrame
2026-07-13T13:09:46.692868Z  INFO herdr::logging: herdr starting event="app.startup" subsystem="client" outcome="started" pid=28426
2026-07-13T13:09:46.692892Z  INFO herdr::client: connecting to server path=/home/alejndro/.config/herdr/herdr-client.sock
2026-07-13T13:09:46.703278Z  INFO herdr::logging: herdr starting event="app.startup" subsystem="client" outcome="started" pid=28437
2026-07-13T13:09:46.703302Z  INFO herdr::client: connecting to server path=/home/alejndro/.config/herdr/herdr-client.sock
2026-07-13T13:09:46.724362Z  INFO herdr::client: handshake succeeded version=16 encoding=SemanticFrame
2026-07-13T13:09:46.724385Z  INFO herdr::client: handshake succeeded version=16 encoding=SemanticFrame
2026-07-13T13:12:05.487283Z  INFO herdr::logging: herdr starting event="app.startup" subsystem="client" outcome="started" pid=32390
2026-07-13T13:12:05.487316Z  INFO herdr::client: connecting to server path=/home/alejndro/.config/herdr/herdr-client.sock
2026-07-13T13:12:05.504598Z  INFO herdr::client: handshake succeeded version=16 encoding=SemanticFrame
2026-07-13T13:12:05.507377Z  INFO herdr::logging: herdr starting event="app.startup" subsystem="client" outcome="started" pid=32411
2026-07-13T13:12:05.507397Z  INFO herdr::client: connecting to server path=/home/alejndro/.config/herdr/herdr-client.sock
2026-07-13T13:12:05.508550Z  INFO herdr::client: handshake succeeded version=16 encoding=SemanticFrame
2026-07-13T13:14:05.199336Z  INFO herdr::logging: herdr starting event="app.startup" subsystem="client" outcome="started" pid=35593
2026-07-13T13:14:05.199359Z  INFO herdr::client: connecting to server path=/home/alejndro/.config/herdr/herdr-client.sock
2026-07-13T13:14:05.211556Z  INFO herdr::logging: herdr starting event="app.startup" subsystem="client" outcome="started" pid=35604
2026-07-13T13:14:05.211584Z  INFO herdr::client: connecting to server path=/home/alejndro/.config/herdr/herdr-client.sock
2026-07-13T13:14:05.212903Z  INFO herdr::client: handshake succeeded version=16 encoding=SemanticFrame
2026-07-13T13:14:05.212900Z  INFO herdr::client: handshake succeeded version=16 encoding=SemanticFrame
2026-07-13T13:14:20.430122Z  INFO herdr::logging: herdr starting event="app.startup" subsystem="client" outcome="started" pid=36231
2026-07-13T13:14:20.430201Z  INFO herdr::client: connecting to server path=/home/alejndro/.config/herdr/herdr-client.sock
2026-07-13T13:14:20.436881Z  INFO herdr::client: handshake succeeded version=16 encoding=SemanticFrame
2026-07-13T13:14:20.442276Z  INFO herdr::logging: herdr starting event="app.startup" subsystem="client" outcome="started" pid=36249
2026-07-13T13:14:20.442296Z  INFO herdr::client: connecting to server path=/home/alejndro/.config/herdr/herdr-client.sock
2026-07-13T13:14:20.442972Z  INFO herdr::client: handshake succeeded version=16 encoding=SemanticFrame
2026-07-13T13:17:50.229379Z  INFO herdr::logging: herdr starting event="app.startup" subsystem="client" outcome="started" pid=39116
2026-07-13T13:17:50.229412Z  INFO herdr::client: connecting to server path=/home/alejndro/.config/herdr/herdr-client.sock
2026-07-13T13:17:50.240191Z  INFO herdr::logging: herdr starting event="app.startup" subsystem="client" outcome="started" pid=39127
2026-07-13T13:17:50.240222Z  INFO herdr::client: connecting to server path=/home/alejndro/.config/herdr/herdr-client.sock
2026-07-13T13:17:50.248379Z  INFO herdr::client: handshake succeeded version=16 encoding=SemanticFrame
2026-07-13T13:17:50.248392Z  INFO herdr::client: handshake succeeded version=16 encoding=SemanticFrame
2026-07-13T13:21:01.692655Z  INFO herdr::logging: herdr starting event="app.startup" subsystem="client" outcome="started" pid=2264
2026-07-13T13:21:01.692805Z  INFO herdr::client: connecting to server path=/home/alejndro/.config/herdr/herdr-client.sock
2026-07-13T13:21:01.915694Z  INFO herdr::client: handshake succeeded version=16 encoding=SemanticFrame
2026-07-13T13:21:02.214419Z  INFO herdr::logging: herdr starting event="app.startup" subsystem="client" outcome="started" pid=2476
2026-07-13T13:21:02.214439Z  INFO herdr::client: connecting to server path=/home/alejndro/.config/herdr/herdr-client.sock
2026-07-13T13:21:02.279584Z  INFO herdr::client: handshake succeeded version=16 encoding=SemanticFrame
2026-07-13T13:22:30.300780Z  INFO herdr::logging: herdr starting event="app.startup" subsystem="client" outcome="started" pid=6045
2026-07-13T13:22:30.300819Z  INFO herdr::client: connecting to server path=/home/alejndro/.config/herdr/herdr-client.sock
2026-07-13T13:22:30.484072Z  INFO herdr::client: handshake succeeded version=16 encoding=SemanticFrame
2026-07-13T13:22:31.090620Z  INFO herdr::logging: herdr starting event="app.startup" subsystem="client" outcome="started" pid=6115
2026-07-13T13:22:31.090645Z  INFO herdr::client: connecting to server path=/home/alejndro/.config/herdr/herdr-client.sock
2026-07-13T13:22:31.110368Z  INFO herdr::client: handshake succeeded version=16 encoding=SemanticFrame
2026-07-13T13:23:23.327171Z  INFO herdr::logging: herdr starting event="app.startup" subsystem="client" outcome="started" pid=7712
2026-07-13T13:23:23.327201Z  INFO herdr::client: connecting to server path=/home/alejndro/.config/herdr/herdr-client.sock
2026-07-13T13:23:23.339196Z  INFO herdr::logging: herdr starting event="app.startup" subsystem="client" outcome="started" pid=7725
2026-07-13T13:23:23.339222Z  INFO herdr::client: connecting to server path=/home/alejndro/.config/herdr/herdr-client.sock
2026-07-13T13:23:23.346208Z  INFO herdr::client: handshake succeeded version=16 encoding=SemanticFrame
2026-07-13T13:23:23.346223Z  INFO herdr::client: handshake succeeded version=16 encoding=SemanticFrame
2026-07-13T13:24:06.143971Z  INFO herdr::logging: herdr starting event="app.startup" subsystem="client" outcome="started" pid=8585
2026-07-13T13:24:06.144035Z  INFO herdr::client: connecting to server path=/home/alejndro/.config/herdr/herdr-client.sock
2026-07-13T13:24:06.169576Z  INFO herdr::client: handshake succeeded version=16 encoding=SemanticFrame
2026-07-13T13:24:06.921760Z  INFO herdr::logging: herdr starting event="app.startup" subsystem="client" outcome="started" pid=8659
2026-07-13T13:24:06.921786Z  INFO herdr::client: connecting to server path=/home/alejndro/.config/herdr/herdr-client.sock
2026-07-13T13:24:06.972396Z  INFO herdr::client: handshake succeeded version=16 encoding=SemanticFrame
2026-07-13T13:26:35.921555Z  INFO herdr::logging: herdr starting event="app.startup" subsystem="client" outcome="started" pid=11781
2026-07-13T13:26:35.921583Z  INFO herdr::client: connecting to server path=/home/alejndro/.config/herdr/herdr-client.sock
2026-07-13T13:26:35.926870Z  INFO herdr::client: handshake succeeded version=16 encoding=SemanticFrame
2026-07-13T13:26:36.269942Z  INFO herdr::logging: herdr starting event="app.startup" subsystem="client" outcome="started" pid=11832
2026-07-13T13:26:36.269968Z  INFO herdr::client: connecting to server path=/home/alejndro/.config/herdr/herdr-client.sock
2026-07-13T13:26:36.272358Z  INFO herdr::client: handshake succeeded version=16 encoding=SemanticFrame
2026-07-13T13:26:45.245120Z  INFO herdr::logging: herdr starting event="app.startup" subsystem="client" outcome="started" pid=12180
2026-07-13T13:26:45.245147Z  INFO herdr::client: connecting to server path=/home/alejndro/.config/herdr/herdr-client.sock
2026-07-13T13:26:45.245160Z  INFO herdr::logging: herdr starting event="app.startup" subsystem="client" outcome="started" pid=12179
2026-07-13T13:26:45.245176Z  INFO herdr::client: connecting to server path=/home/alejndro/.config/herdr/herdr-client.sock
2026-07-13T13:26:45.245333Z  INFO herdr::client: handshake succeeded version=16 encoding=SemanticFrame
2026-07-13T13:26:45.245368Z  INFO herdr::client: handshake succeeded version=16 encoding=SemanticFrame
2026-07-13T13:26:55.693671Z  INFO herdr::logging: herdr starting event="app.startup" subsystem="client" outcome="started" pid=12517
2026-07-13T13:26:55.693698Z  INFO herdr::client: connecting to server path=/home/alejndro/.config/herdr/herdr-client.sock
2026-07-13T13:26:55.694119Z  INFO herdr::logging: herdr starting event="app.startup" subsystem="client" outcome="started" pid=12518
2026-07-13T13:26:55.694133Z  INFO herdr::client: connecting to server path=/home/alejndro/.config/herdr/herdr-client.sock
2026-07-13T13:26:55.698183Z  INFO herdr::client: handshake succeeded version=16 encoding=SemanticFrame
2026-07-13T13:26:55.698203Z  INFO herdr::client: handshake succeeded version=16 encoding=SemanticFrame
2026-07-13T13:27:35.476313Z  INFO herdr::logging: herdr starting event="app.startup" subsystem="client" outcome="started" pid=13495
2026-07-13T13:27:35.476344Z  INFO herdr::client: connecting to server path=/home/alejndro/.config/herdr/herdr-client.sock
2026-07-13T13:27:35.476346Z  INFO herdr::logging: herdr starting event="app.startup" subsystem="client" outcome="started" pid=13494
2026-07-13T13:27:35.476363Z  INFO herdr::client: connecting to server path=/home/alejndro/.config/herdr/herdr-client.sock
2026-07-13T13:27:35.630062Z  INFO herdr::client: handshake succeeded version=16 encoding=SemanticFrame
2026-07-13T13:27:35.630085Z  INFO herdr::client: handshake succeeded version=16 encoding=SemanticFrame
2026-07-13T13:27:47.658520Z  INFO herdr::logging: herdr starting event="app.startup" subsystem="client" outcome="started" pid=13709
2026-07-13T13:27:47.658548Z  INFO herdr::client: connecting to server path=/home/alejndro/.config/herdr/herdr-client.sock
2026-07-13T13:27:47.666167Z  INFO herdr::client: handshake succeeded version=16 encoding=SemanticFrame
2026-07-13T13:27:47.748163Z  INFO herdr::logging: herdr starting event="app.startup" subsystem="client" outcome="started" pid=13791
2026-07-13T13:27:47.748195Z  INFO herdr::client: connecting to server path=/home/alejndro/.config/herdr/herdr-client.sock
2026-07-13T13:27:47.755989Z  INFO herdr::client: handshake succeeded version=16 encoding=SemanticFrame
2026-07-13T13:28:25.046349Z  INFO herdr::logging: herdr starting event="app.startup" subsystem="client" outcome="started" pid=14418
2026-07-13T13:28:25.046361Z  INFO herdr::logging: herdr starting event="app.startup" subsystem="client" outcome="started" pid=14419
2026-07-13T13:28:25.046382Z  INFO herdr::client: connecting to server path=/home/alejndro/.config/herdr/herdr-client.sock
2026-07-13T13:28:25.046382Z  INFO herdr::client: connecting to server path=/home/alejndro/.config/herdr/herdr-client.sock
2026-07-13T13:28:25.169876Z  INFO herdr::client: handshake succeeded version=16 encoding=SemanticFrame
2026-07-13T13:28:25.169885Z  INFO herdr::client: handshake succeeded version=16 encoding=SemanticFrame
2026-07-13T13:28:33.767029Z  INFO herdr::logging: herdr starting event="app.startup" subsystem="client" outcome="started" pid=14688
2026-07-13T13:28:33.767057Z  INFO herdr::client: connecting to server path=/home/alejndro/.config/herdr/herdr-client.sock
2026-07-13T13:28:33.767351Z  INFO herdr::logging: herdr starting event="app.startup" subsystem="client" outcome="started" pid=14689
2026-07-13T13:28:33.767366Z  INFO herdr::client: connecting to server path=/home/alejndro/.config/herdr/herdr-client.sock
2026-07-13T13:28:33.774200Z  INFO herdr::client: handshake succeeded version=16 encoding=SemanticFrame
2026-07-13T13:28:33.774249Z  INFO herdr::client: handshake succeeded version=16 encoding=SemanticFrame
2026-07-13T13:29:33.179193Z  INFO herdr::logging: herdr starting event="app.startup" subsystem="client" outcome="started" pid=15618
2026-07-13T13:29:33.179229Z  INFO herdr::client: connecting to server path=/home/alejndro/.config/herdr/herdr-client.sock
2026-07-13T13:29:33.188010Z  INFO herdr::logging: herdr starting event="app.startup" subsystem="client" outcome="started" pid=15634
2026-07-13T13:29:33.188039Z  INFO herdr::client: connecting to server path=/home/alejndro/.config/herdr/herdr-client.sock
2026-07-13T13:29:33.321178Z  INFO herdr::client: handshake succeeded version=16 encoding=SemanticFrame
2026-07-13T13:29:33.321198Z  INFO herdr::client: handshake succeeded version=16 encoding=SemanticFrame
2026-07-13T13:31:29.883535Z  INFO herdr::logging: herdr starting event="app.startup" subsystem="client" outcome="started" pid=19135
2026-07-13T13:31:29.883565Z  INFO herdr::client: connecting to server path=/home/alejndro/.config/herdr/herdr-client.sock
2026-07-13T13:31:29.883563Z  INFO herdr::logging: herdr starting event="app.startup" subsystem="client" outcome="started" pid=19134
2026-07-13T13:31:29.883581Z  INFO herdr::client: connecting to server path=/home/alejndro/.config/herdr/herdr-client.sock
2026-07-13T13:31:29.928916Z  INFO herdr::client: handshake succeeded version=16 encoding=SemanticFrame
2026-07-13T13:31:29.928926Z  INFO herdr::client: handshake succeeded version=16 encoding=SemanticFrame
2026-07-13T13:32:22.080948Z  INFO herdr::logging: herdr starting event="app.startup" subsystem="client" outcome="started" pid=20005
2026-07-13T13:32:22.080976Z  INFO herdr::client: connecting to server path=/home/alejndro/.config/herdr/herdr-client.sock
2026-07-13T13:32:22.177963Z  INFO herdr::client: handshake succeeded version=16 encoding=SemanticFrame
2026-07-13T13:37:05.279290Z  INFO herdr::logging: herdr starting event="app.startup" subsystem="client" outcome="started" pid=2349
2026-07-13T13:37:05.279291Z  INFO herdr::logging: herdr starting event="app.startup" subsystem="client" outcome="started" pid=2348
2026-07-13T13:37:05.279461Z  INFO herdr::client: connecting to server path=/home/alejndro/.config/herdr/herdr-client.sock
2026-07-13T13:37:05.279459Z  INFO herdr::client: connecting to server path=/home/alejndro/.config/herdr/herdr-client.sock
2026-07-13T13:37:05.502517Z  INFO herdr::client: handshake succeeded version=16 encoding=SemanticFrame
2026-07-13T13:37:05.502546Z  INFO herdr::client: handshake succeeded version=16 encoding=SemanticFrame
2026-07-13T13:37:08.445921Z  INFO herdr::logging: herdr starting event="app.startup" subsystem="client" outcome="started" pid=2783
2026-07-13T13:37:08.445939Z  INFO herdr::logging: herdr starting event="app.startup" subsystem="client" outcome="started" pid=2782
2026-07-13T13:37:08.445942Z  INFO herdr::client: connecting to server path=/home/alejndro/.config/herdr/herdr-client.sock
2026-07-13T13:37:08.445951Z  INFO herdr::client: connecting to server path=/home/alejndro/.config/herdr/herdr-client.sock
2026-07-13T13:37:08.506288Z  INFO herdr::client: handshake succeeded version=16 encoding=SemanticFrame
2026-07-13T13:37:08.506294Z  INFO herdr::client: handshake succeeded version=16 encoding=SemanticFrame
2026-07-13T13:37:12.164559Z  INFO herdr::logging: herdr starting event="app.startup" subsystem="client" outcome="started" pid=3070
2026-07-13T13:37:12.164580Z  INFO herdr::client: connecting to server path=/home/alejndro/.config/herdr/herdr-client.sock
2026-07-13T13:37:12.183084Z  INFO herdr::client: handshake succeeded version=16 encoding=SemanticFrame
2026-07-13T13:39:22.384544Z  INFO herdr::logging: herdr starting event="app.startup" subsystem="client" outcome="started" pid=5501
2026-07-13T13:39:22.384572Z  INFO herdr::client: connecting to server path=/home/alejndro/.config/herdr/herdr-client.sock
2026-07-13T13:39:22.460819Z  INFO herdr::client: handshake succeeded version=16 encoding=SemanticFrame
2026-07-13T13:39:24.481601Z  INFO herdr::logging: herdr starting event="app.startup" subsystem="client" outcome="started" pid=5625
2026-07-13T13:39:24.481629Z  INFO herdr::client: connecting to server path=/home/alejndro/.config/herdr/herdr-client.sock
2026-07-13T13:39:24.615980Z  INFO herdr::client: handshake succeeded version=16 encoding=SemanticFrame
2026-07-13T13:39:28.092994Z  INFO herdr::logging: herdr starting event="app.startup" subsystem="client" outcome="started" pid=5768
2026-07-13T13:39:28.093025Z  INFO herdr::client: connecting to server path=/home/alejndro/.config/herdr/herdr-client.sock
2026-07-13T13:39:28.220500Z  INFO herdr::client: handshake succeeded version=16 encoding=SemanticFrame
2026-07-13T13:40:31.607353Z  INFO herdr::logging: herdr starting event="app.startup" subsystem="client" outcome="started" pid=6650
2026-07-13T13:40:31.607384Z  INFO herdr::client: connecting to server path=/home/alejndro/.config/herdr/herdr-client.sock
2026-07-13T13:40:31.670322Z  INFO herdr::client: handshake succeeded version=16 encoding=SemanticFrame
2026-07-13T13:40:35.272205Z  INFO herdr::logging: herdr starting event="app.startup" subsystem="client" outcome="started" pid=6875
2026-07-13T13:40:35.272231Z  INFO herdr::client: connecting to server path=/home/alejndro/.config/herdr/herdr-client.sock
2026-07-13T13:40:35.375113Z  INFO herdr::client: handshake succeeded version=16 encoding=SemanticFrame
2026-07-13T13:40:45.104363Z  INFO herdr::logging: herdr starting event="app.startup" subsystem="client" outcome="started" pid=7070
2026-07-13T13:40:45.104392Z  INFO herdr::client: connecting to server path=/home/alejndro/.config/herdr/herdr-client.sock
2026-07-13T13:40:45.192179Z  INFO herdr::client: handshake succeeded version=16 encoding=SemanticFrame
2026-07-13T13:41:25.911418Z  INFO herdr::logging: herdr starting event="app.startup" subsystem="client" outcome="started" pid=7682
2026-07-13T13:41:25.911439Z  INFO herdr::client: connecting to server path=/home/alejndro/.config/herdr/herdr-client.sock
2026-07-13T13:41:26.028456Z  INFO herdr::client: handshake succeeded version=16 encoding=SemanticFrame
2026-07-13T13:44:18.886061Z  INFO herdr::logging: herdr starting event="app.startup" subsystem="client" outcome="started" pid=10957
2026-07-13T13:44:18.886083Z  INFO herdr::client: connecting to server path=/home/alejndro/.config/herdr/herdr-client.sock
2026-07-13T13:44:18.929005Z  INFO herdr::client: handshake succeeded version=16 encoding=SemanticFrame
2026-07-13T13:47:16.465283Z  INFO herdr::logging: herdr starting event="app.startup" subsystem="client" outcome="started" pid=12900
2026-07-13T13:47:16.465304Z  INFO herdr::client: connecting to server path=/home/alejndro/.config/herdr/herdr-client.sock
2026-07-13T13:47:16.588294Z  INFO herdr::client: handshake succeeded version=16 encoding=SemanticFrame
2026-07-13T13:47:59.193448Z  INFO herdr::logging: herdr starting event="app.startup" subsystem="client" outcome="started" pid=13926
2026-07-13T13:47:59.193469Z  INFO herdr::client: connecting to server path=/home/alejndro/dev/.container/.config/herdr/herdr-client.sock
2026-07-13T13:47:59.206154Z  INFO herdr::client: handshake succeeded version=16 encoding=SemanticFrame
2026-07-13T13:48:35.585869Z  INFO herdr::logging: herdr starting event="app.startup" subsystem="client" outcome="started" pid=14730
2026-07-13T13:48:35.585891Z  INFO herdr::client: connecting to server path=/home/alejndro/dev/.container/.config/herdr/herdr-client.sock
2026-07-13T13:48:35.707574Z  INFO herdr::client: handshake succeeded version=16 encoding=SemanticFrame
2026-07-13T13:58:00.794110Z  INFO herdr::logging: herdr starting event="app.startup" subsystem="client" outcome="started" pid=26046
2026-07-13T13:58:00.794141Z  INFO herdr::client: connecting to server path=/home/alejndro/dev/.container/.config/herdr/herdr-client.sock
2026-07-13T13:58:00.795064Z  INFO herdr::client: handshake succeeded version=16 encoding=SemanticFrame
2026-07-13T13:58:37.326505Z  INFO herdr::logging: herdr starting event="app.startup" subsystem="client" outcome="started" pid=27205
2026-07-13T13:58:37.326535Z  INFO herdr::client: connecting to server path=/home/alejndro/dev/.container/.config/herdr/herdr-client.sock
2026-07-13T13:58:37.327539Z  INFO herdr::client: handshake succeeded version=16 encoding=SemanticFrame
2026-07-13T13:59:01.997029Z  INFO herdr::logging: herdr starting event="app.startup" subsystem="client" outcome="started" pid=28300
2026-07-13T13:59:01.997051Z  INFO herdr::client: connecting to server path=/home/alejndro/dev/.container/.config/herdr/herdr-client.sock
2026-07-13T13:59:02.018587Z  INFO herdr::client: handshake succeeded version=16 encoding=SemanticFrame
2026-07-13T13:59:33.077462Z  INFO herdr::logging: herdr starting event="app.startup" subsystem="client" outcome="started" pid=29733
2026-07-13T13:59:33.077485Z  INFO herdr::client: connecting to server path=/home/alejndro/dev/.container/.config/herdr/herdr-client.sock
2026-07-13T13:59:33.295816Z  INFO herdr::client: handshake succeeded version=16 encoding=SemanticFrame
2026-07-13T14:00:04.561154Z  INFO herdr::logging: herdr starting event="app.startup" subsystem="client" outcome="started" pid=30731
2026-07-13T14:00:04.561174Z  INFO herdr::client: connecting to server path=/home/alejndro/dev/.container/.config/herdr/herdr-client.sock
2026-07-13T14:00:04.564949Z  INFO herdr::client: handshake succeeded version=16 encoding=SemanticFrame
2026-07-13T14:00:37.535002Z  INFO herdr::logging: herdr starting event="app.startup" subsystem="client" outcome="started" pid=31372
2026-07-13T14:00:37.535023Z  INFO herdr::client: connecting to server path=/home/alejndro/dev/.container/.config/herdr/herdr-client.sock
2026-07-13T14:00:37.561796Z  INFO herdr::client: handshake succeeded version=16 encoding=SemanticFrame
2026-07-13T14:00:50.975825Z  INFO herdr::logging: herdr starting event="app.startup" subsystem="client" outcome="started" pid=31800
2026-07-13T14:00:50.975845Z  INFO herdr::client: connecting to server path=/home/alejndro/dev/.container/.config/herdr/herdr-client.sock
2026-07-13T14:00:51.102028Z  INFO herdr::client: handshake succeeded version=16 encoding=SemanticFrame
2026-07-13T14:01:25.189873Z  INFO herdr::logging: herdr starting event="app.startup" subsystem="client" outcome="started" pid=32415
2026-07-13T14:01:25.189895Z  INFO herdr::client: connecting to server path=/home/alejndro/dev/.container/.config/herdr/herdr-client.sock
2026-07-13T14:01:25.394083Z  INFO herdr::client: handshake succeeded version=16 encoding=SemanticFrame
2026-07-13T14:02:16.588117Z  INFO herdr::logging: herdr starting event="app.startup" subsystem="client" outcome="started" pid=33686
2026-07-13T14:02:16.588139Z  INFO herdr::client: connecting to server path=/home/alejndro/dev/.container/.config/herdr/herdr-client.sock
2026-07-13T14:02:16.672512Z  INFO herdr::client: handshake succeeded version=16 encoding=SemanticFrame
2026-07-13T14:02:20.320811Z  INFO herdr::logging: herdr starting event="app.startup" subsystem="client" outcome="started" pid=34059
2026-07-13T14:02:20.320832Z  INFO herdr::client: connecting to server path=/home/alejndro/dev/.container/.config/herdr/herdr-client.sock
2026-07-13T14:02:20.438061Z  INFO herdr::client: handshake succeeded version=16 encoding=SemanticFrame
2026-07-13T14:02:52.835404Z  INFO herdr::logging: herdr starting event="app.startup" subsystem="client" outcome="started" pid=35568
2026-07-13T14:02:52.835425Z  INFO herdr::client: connecting to server path=/home/alejndro/dev/.container/.config/herdr/herdr-client.sock
2026-07-13T14:02:52.969656Z  INFO herdr::client: handshake succeeded version=16 encoding=SemanticFrame
2026-07-13T14:04:21.273694Z  INFO herdr::logging: herdr starting event="app.startup" subsystem="client" outcome="started" pid=38752
2026-07-13T14:04:21.273717Z  INFO herdr::client: connecting to server path=/home/alejndro/dev/.container/.config/herdr/herdr-client.sock
2026-07-13T14:04:21.274616Z  INFO herdr::client: handshake succeeded version=16 encoding=SemanticFrame
2026-07-13T14:04:26.513471Z  INFO herdr::logging: herdr starting event="app.startup" subsystem="client" outcome="started" pid=39177
2026-07-13T14:04:26.513496Z  INFO herdr::client: connecting to server path=/home/alejndro/dev/.container/.config/herdr/herdr-client.sock
2026-07-13T14:04:26.533671Z  INFO herdr::client: handshake succeeded version=16 encoding=SemanticFrame
2026-07-13T14:12:18.835524Z  INFO herdr::logging: herdr starting event="app.startup" subsystem="client" outcome="started" pid=51393
2026-07-13T14:12:18.835549Z  INFO herdr::client: connecting to server path=/home/alejndro/dev/.container/.config/herdr/herdr-client.sock
2026-07-13T14:12:18.841375Z  INFO herdr::client: handshake succeeded version=16 encoding=SemanticFrame
2026-07-13T14:12:48.363757Z  INFO herdr::logging: herdr starting event="app.startup" subsystem="client" outcome="started" pid=51884
2026-07-13T14:12:48.363783Z  INFO herdr::client: connecting to server path=/home/alejndro/dev/.container/.config/herdr/herdr-client.sock
2026-07-13T14:12:48.369837Z  INFO herdr::client: handshake succeeded version=16 encoding=SemanticFrame
2026-07-13T14:13:09.516659Z  INFO herdr::logging: herdr starting event="app.startup" subsystem="client" outcome="started" pid=53229
2026-07-13T14:13:09.516675Z  INFO herdr::client: connecting to server path=/home/alejndro/dev/.container/.config/herdr/herdr-client.sock
2026-07-13T14:13:09.639285Z  INFO herdr::client: handshake succeeded version=16 encoding=SemanticFrame
2026-07-13T14:14:13.951701Z  INFO herdr::logging: herdr starting event="app.startup" subsystem="client" outcome="started" pid=55103
2026-07-13T14:14:13.951721Z  INFO herdr::client: connecting to server path=/home/alejndro/dev/.container/.config/herdr/herdr-client.sock
2026-07-13T14:14:13.977166Z  INFO herdr::client: handshake succeeded version=16 encoding=SemanticFrame
2026-07-13T14:15:18.216275Z  INFO herdr::logging: herdr starting event="app.startup" subsystem="client" outcome="started" pid=55731
2026-07-13T14:15:18.216296Z  INFO herdr::client: connecting to server path=/home/alejndro/dev/.container/.config/herdr/herdr-client.sock
2026-07-13T14:15:18.281159Z  INFO herdr::client: handshake succeeded version=16 encoding=SemanticFrame
2026-07-13T14:15:24.148434Z  INFO herdr::logging: herdr starting event="app.startup" subsystem="client" outcome="started" pid=56042
2026-07-13T14:15:24.148449Z  INFO herdr::client: connecting to server path=/home/alejndro/dev/.container/.config/herdr/herdr-client.sock
2026-07-13T14:15:24.187670Z  INFO herdr::client: handshake succeeded version=16 encoding=SemanticFrame
2026-07-13T14:15:36.722595Z  INFO herdr::logging: herdr starting event="app.startup" subsystem="client" outcome="started" pid=56618
2026-07-13T14:15:36.722612Z  INFO herdr::client: connecting to server path=/home/alejndro/dev/.container/.config/herdr/herdr-client.sock
2026-07-13T14:15:36.772661Z  INFO herdr::client: handshake succeeded version=16 encoding=SemanticFrame
2026-07-13T14:17:00.609797Z  INFO herdr::logging: herdr starting event="app.startup" subsystem="client" outcome="started" pid=59656
2026-07-13T14:17:00.609818Z  INFO herdr::client: connecting to server path=/home/alejndro/dev/.container/.config/herdr/herdr-client.sock
2026-07-13T14:17:00.614076Z  INFO herdr::client: handshake succeeded version=16 encoding=SemanticFrame
2026-07-13T14:18:34.961922Z  INFO herdr::logging: herdr starting event="app.startup" subsystem="client" outcome="started" pid=60686
2026-07-13T14:18:34.961943Z  INFO herdr::client: connecting to server path=/home/alejndro/dev/.container/.config/herdr/herdr-client.sock
2026-07-13T14:18:34.984827Z  INFO herdr::client: handshake succeeded version=16 encoding=SemanticFrame
2026-07-13T14:18:47.306496Z  INFO herdr::logging: herdr starting event="app.startup" subsystem="client" outcome="started" pid=61047
2026-07-13T14:18:47.306517Z  INFO herdr::client: connecting to server path=/home/alejndro/dev/.container/.config/herdr/herdr-client.sock
2026-07-13T14:18:47.343248Z  INFO herdr::client: handshake succeeded version=16 encoding=SemanticFrame
2026-07-13T14:18:53.648612Z  INFO herdr::logging: herdr starting event="app.startup" subsystem="client" outcome="started" pid=61496
2026-07-13T14:18:53.648628Z  INFO herdr::client: connecting to server path=/home/alejndro/dev/.container/.config/herdr/herdr-client.sock
2026-07-13T14:18:53.794033Z  INFO herdr::client: handshake succeeded version=16 encoding=SemanticFrame
2026-07-13T14:19:42.719777Z  INFO herdr::logging: herdr starting event="app.startup" subsystem="client" outcome="started" pid=63338
2026-07-13T14:19:42.719798Z  INFO herdr::client: connecting to server path=/home/alejndro/dev/.container/.config/herdr/herdr-client.sock
2026-07-13T14:19:42.728251Z  INFO herdr::client: handshake succeeded version=16 encoding=SemanticFrame
2026-07-13T14:25:07.828399Z  INFO herdr::logging: herdr starting event="app.startup" subsystem="client" outcome="started" pid=76412
2026-07-13T14:25:07.828417Z  INFO herdr::client: connecting to server path=/home/alejndro/dev/.container/.config/herdr/herdr-client.sock
2026-07-13T14:25:07.838818Z  INFO herdr::client: handshake succeeded version=16 encoding=SemanticFrame
2026-07-13T14:25:16.902949Z  INFO herdr::logging: herdr starting event="app.startup" subsystem="client" outcome="started" pid=76981
2026-07-13T14:25:16.902963Z  INFO herdr::client: connecting to server path=/home/alejndro/dev/.container/.config/herdr/herdr-client.sock
2026-07-13T14:25:17.005221Z  INFO herdr::client: handshake succeeded version=16 encoding=SemanticFrame
2026-07-13T14:51:26.103815Z  INFO herdr::logging: herdr starting event="app.startup" subsystem="client" outcome="started" pid=13809
2026-07-13T14:51:26.103833Z  INFO herdr::client: connecting to server path=/home/alejndro/dev/.container/.config/herdr/herdr-client.sock
2026-07-13T14:51:26.323964Z  INFO herdr::client: handshake succeeded version=16 encoding=SemanticFrame
2026-07-13T14:55:51.271998Z  INFO herdr::logging: herdr starting event="app.startup" subsystem="client" outcome="started" pid=22633
2026-07-13T14:55:51.272024Z  INFO herdr::client: connecting to server path=/home/alejndro/dev/.container/.config/herdr/herdr-client.sock
2026-07-13T14:55:51.302212Z  INFO herdr::client: handshake succeeded version=16 encoding=SemanticFrame
2026-07-13T14:56:34.936674Z  INFO herdr::logging: herdr starting event="app.startup" subsystem="client" outcome="started" pid=23659
2026-07-13T14:56:34.936698Z  INFO herdr::client: connecting to server path=/home/alejndro/dev/.container/.config/herdr/herdr-client.sock
2026-07-13T14:56:35.093321Z  INFO herdr::client: handshake succeeded version=16 encoding=SemanticFrame
2026-07-13T14:56:35.503316Z  INFO herdr::logging: herdr starting event="app.startup" subsystem="client" outcome="started" pid=23916
2026-07-13T14:56:35.503335Z  INFO herdr::client: connecting to server path=/home/alejndro/dev/.container/.config/herdr/herdr-client.sock
2026-07-13T14:56:35.587816Z  INFO herdr::client: handshake succeeded version=16 encoding=SemanticFrame
